<?xml version="1.0" encoding="UTF-8"?>
<!-- Generated by org.testng.reporters.JUnitReportReporter -->
<testsuite hostname="DESKTOP-P9KREN1" failures="0" tests="1" name="com.crm.VtigerTests.CreateOrganisationTest" time="131.469" errors="0" timestamp="2021-06-22T20:09:35 IST" skipped="0">
  <testcase classname="com.crm.VtigerTests.CreateOrganisationTest" name="createOrganisationTest" time="131.469"/>
  <system-out/>
</testsuite> <!-- com.crm.VtigerTests.CreateOrganisationTest -->
