<?xml version="1.0" encoding="UTF-8"?>
<!-- Generated by org.testng.reporters.JUnitReportReporter -->
<testsuite hostname="DESKTOP-P9KREN1" failures="0" tests="1" name="com.crm.VtigerTests.CreatNewLeadByGivingInvalidInputToAnnualRevenue" time="61.333" errors="0" timestamp="2021-07-01T09:00:05 IST" skipped="0">
  <testcase classname="com.crm.VtigerTests.CreatNewLeadByGivingInvalidInputToAnnualRevenue" name="leadTC07" time="61.333"/>
  <system-out/>
</testsuite> <!-- com.crm.VtigerTests.CreatNewLeadByGivingInvalidInputToAnnualRevenue -->
