<?xml version="1.0" encoding="UTF-8"?>
<!-- Generated by org.testng.reporters.JUnitReportReporter -->
<testsuite hostname="DESKTOP-P9KREN1" failures="0" tests="1" name="com.crm.VtigerTests.CreatNewLeadByGivingValidInputToNoOfEmployee" time="54.241" errors="0" timestamp="2021-07-01T09:25:57 IST" skipped="0">
  <testcase classname="com.crm.VtigerTests.CreatNewLeadByGivingValidInputToNoOfEmployee" name="leadtc13" time="54.241"/>
  <system-out/>
</testsuite> <!-- com.crm.VtigerTests.CreatNewLeadByGivingValidInputToNoOfEmployee -->
