<?xml version="1.0" encoding="UTF-8"?>
<!-- Generated by org.testng.reporters.JUnitReportReporter -->
<testsuite hostname="DESKTOP-P9KREN1" failures="0" tests="1" name="com.crm.VtigerTests.CreateOrganisation" time="93.137" errors="0" timestamp="2021-06-22T20:38:36 IST" skipped="0">
  <testcase classname="com.crm.VtigerTests.CreateOrganisation" name="selectDropDown" time="93.137"/>
  <system-out/>
</testsuite> <!-- com.crm.VtigerTests.CreateOrganisation -->
