<?xml version="1.0" encoding="UTF-8"?>
<!-- Generated by org.testng.reporters.JUnitReportReporter -->
<testsuite hostname="DESKTOP-P9KREN1" failures="0" tests="1" name="com.crm.VtigerTests.CreatNewLeadByGivingValidInputToAnnualRevenue" time="74.678" errors="0" timestamp="2021-07-01T10:08:20 IST" skipped="0">
  <testcase classname="com.crm.VtigerTests.CreatNewLeadByGivingValidInputToAnnualRevenue" name="Lead11" time="74.678"/>
  <system-out/>
</testsuite> <!-- com.crm.VtigerTests.CreatNewLeadByGivingValidInputToAnnualRevenue -->
